                                        11/12/2024  13:20:19

Lot ID    	565442
Batch ID  	1
Device ID     	180A
Wafer Count   	4
Operator ID   	1461
Disk ID       	6" cls 610
Active Recipe 	UDT060B-300B5
Implant total time 	18.300 (minutes)

Dose                          3.000e+015    	3.000e+015    	3.000e+015    
Energy Kev                    59.500        	59.500        	59.500        
A.M.U.                        10.800        	10.800        	10.800        
Beam Current mAmps            0.868         	1.080         	1.070         
Preset Scans                  92            	92            	92            
Wafer Size, Inch              6             	6             	6             
P1 Pressure, Torr             3.000e-005    	3.100e-005    	3.100e-005    
P2 Pressure, Torr             3.000e-006    	2.000e-006    	2.000e-006    
P3 Pressure, Torr             2.000e-005    	8.399e-006    	6.400e-006    
Source Arc I, A               1.957         	1.957         	1.957         
Source Arc V, V               88.800        	88.800        	88.800        
Source Fil I, A               152.716       	152.229       	152.229       
Source Fil V, V               0.834         	0.834         	0.829         
Extraction V, KV              59.720        	59.720        	59.720        
Extraction I, mAmps           10.539        	10.588        	10.588        
Vap Oven Temp, DegC           25.859        	25.859        	25.859        
Vap Heater Temp, DegC         0.000e+000    	0.000e+000    	0.000e+000    
Gas Leak Valve 1              138           	138           	138           
Gas Leak Valve 2              278           	278           	278           
Gas Leak Valve 3              160           	160           	160           
Gas Leak Valve 4              28            	28            	28            
Ext Axis 1                    464           	464           	464           
Ext Axis 2                    99            	99            	99            
Ext Axis 3                    484           	484           	484           
Ext Suppress I, mAmps         0.488         	0.488         	0.488         
Ext Suppress V, KV            1.805         	1.810         	1.800         
Source Magnet I, A            17.272        	17.321        	17.272        
Analyzer Mag I, %             21.333        	21.333        	21.333        
Post Accel I, A               0.195         	0.195         	0.195         
Post Acc Axis 3               2             	2             	2             
Post Acc Supp I, mAmps        0.146         	0.146         	0.146         
Post Acc Supp V               0.015         	0.015         	0.015         
E.S. Primary I, A             15.125        	15.125        	15.125        
E.S. Secondary I, A           0.488         	0.488         	0.976         
Aperture Voltage, V           0.028         	0.028         	0.028         
Dose Pres Comp, %             -1.000        	-1.000        	-1.000        
E.S. Pres - Start, Torr       2.000e-005    	2.000e-005    	2.000e-005    
E.S. Pres - Stop, Torr        2.000e-004    	2.000e-004    	2.000e-004    
Estimated Time, Min           15.400        	15.400        	15.400        
Actual Time, Min              0.100         	9.500         	18.300        
Interruptions                 0             	0             	0             
Trim Factor                   0.960         	0.960         	0.960         
Pump Down Time,sec            115           
Gas #1                        OFF           	OFF           	OFF           
Gas #2                        ON            	ON            	ON            
Gas #3                        OFF           	OFF           	OFF           
Gas #4                        OFF           	OFF           	OFF           
Vap                           OFF           	OFF           	OFF           

